--------------------------------------------------------------------------------
Release 14.7 Trace  (nt64)
Copyright (c) 1995-2013 Xilinx, Inc.  All rights reserved.

C:\Xilinx\14.7\ISE_DS\ISE\bin\nt64\unwrapped\trce.exe -intstyle ise -v 3 -s 1
-n 3 -fastpaths -xml myDecoder.twx myDecoder.ncd -o myDecoder.twr myDecoder.pcf

Design file:              myDecoder.ncd
Physical constraint file: myDecoder.pcf
Device,package,speed:     xc7z010,clg400,C,-1 (PRODUCTION 1.08 2013-10-13)
Report level:             verbose report

Environment Variable      Effect 
--------------------      ------ 
NONE                      No environment variables were set
--------------------------------------------------------------------------------

INFO:Timing:2698 - No timing constraints found, doing default enumeration.
INFO:Timing:3412 - To improve timing, see the Timing Closure User Guide (UG612).
INFO:Timing:2752 - To get complete path coverage, use the unconstrained paths 
   option. All paths that are not constrained will be reported in the 
   unconstrained paths section(s) of the report.
INFO:Timing:3339 - The clock-to-out numbers in this timing report are based on 
   a 50 Ohm transmission line loading model.  For the details of this model, 
   and for more information on accounting for different loading conditions, 
   please see the device datasheet.



Data Sheet report:
-----------------
All values displayed in nanoseconds (ns)

Pad to Pad
---------------+---------------+---------+
Source Pad     |Destination Pad|  Delay  |
---------------+---------------+---------+
E              |m0             |    8.511|
E              |m1             |    8.933|
E              |m2             |    8.753|
E              |m3             |    8.881|
I0             |m0             |    8.691|
I0             |m1             |    9.143|
I0             |m2             |    8.920|
I0             |m3             |    9.084|
I1             |m0             |    8.945|
I1             |m1             |    9.404|
I1             |m2             |    9.172|
I1             |m3             |    9.336|
---------------+---------------+---------+


Analysis completed Sun Nov 15 04:30:46 2020 
--------------------------------------------------------------------------------

Trace Settings:
-------------------------
Trace Settings 

Peak Memory Usage: 4862 MB



